<?xml version="1.0" encoding="UTF-8"?>
<testsuite name="invadem.ProjectileTest" tests="3" skipped="0" failures="0" errors="0" timestamp="2019-11-10T04:49:02" hostname="Kroft2.local" time="0.001">
  <properties/>
  <testcase name="testProjectileConstruction" classname="invadem.ProjectileTest" time="0.0"/>
  <testcase name="testEnemyMove" classname="invadem.ProjectileTest" time="0.0"/>
  <testcase name="testFriendlyMove" classname="invadem.ProjectileTest" time="0.0"/>
  <system-out><![CDATA[]]></system-out>
  <system-err><![CDATA[]]></system-err>
</testsuite>
