<?xml version="1.0" encoding="UTF-8"?>
<testsuite name="invadem.TankTest" tests="18" skipped="0" failures="0" errors="0" timestamp="2019-11-10T04:49:02" hostname="Kroft2.local" time="0.006">
  <properties/>
  <testcase name="testResetCannon" classname="invadem.TankTest" time="0.0"/>
  <testcase name="testShotsFired" classname="invadem.TankTest" time="0.0"/>
  <testcase name="testGetLives" classname="invadem.TankTest" time="0.0"/>
  <testcase name="testRightBoundary" classname="invadem.TankTest" time="0.0"/>
  <testcase name="testShotFired" classname="invadem.TankTest" time="0.0"/>
  <testcase name="testTankIsNotDestroyed" classname="invadem.TankTest" time="0.0"/>
  <testcase name="testTankProjectile" classname="invadem.TankTest" time="0.0"/>
  <testcase name="testTankLasersLeft" classname="invadem.TankTest" time="0.001"/>
  <testcase name="testMoveLeft" classname="invadem.TankTest" time="0.0"/>
  <testcase name="testTankLaser" classname="invadem.TankTest" time="0.0"/>
  <testcase name="testTankNoLasers" classname="invadem.TankTest" time="0.0"/>
  <testcase name="testDestroyTankPowerP" classname="invadem.TankTest" time="0.0"/>
  <testcase name="testLeftBoundary" classname="invadem.TankTest" time="0.001"/>
  <testcase name="testTankConstruction" classname="invadem.TankTest" time="0.0"/>
  <testcase name="testNoMove" classname="invadem.TankTest" time="0.001"/>
  <testcase name="testDestroyTank" classname="invadem.TankTest" time="0.0"/>
  <testcase name="testMoveRight" classname="invadem.TankTest" time="0.0"/>
  <testcase name="testResetLaser" classname="invadem.TankTest" time="0.001"/>
  <system-out><![CDATA[]]></system-out>
  <system-err><![CDATA[]]></system-err>
</testsuite>
