<?xml version="1.0" encoding="UTF-8"?>
<testsuite name="invadem.AppTest" tests="14" skipped="0" failures="0" errors="0" timestamp="2019-11-10T04:48:03" hostname="Kroft2.local" time="59.334">
  <properties/>
  <testcase name="testDrawGameOverMode" classname="invadem.AppTest" time="2.587"/>
  <testcase name="testDrawGameMode" classname="invadem.AppTest" time="0.772"/>
  <testcase name="testReset" classname="invadem.AppTest" time="0.126"/>
  <testcase name="testDrawLoading" classname="invadem.AppTest" time="0.169"/>
  <testcase name="testDrawNextLevelMode" classname="invadem.AppTest" time="0.222"/>
  <testcase name="testAppConstruction" classname="invadem.AppTest" time="0.0"/>
  <testcase name="testThreeFrameLaser" classname="invadem.AppTest" time="1.082"/>
  <testcase name="testKeyPressLeft" classname="invadem.AppTest" time="1.079"/>
  <testcase name="testKeyPressLoading" classname="invadem.AppTest" time="0.896"/>
  <testcase name="testInvaderBarrier" classname="invadem.AppTest" time="28.93"/>
  <testcase name="testKeyPressLaser" classname="invadem.AppTest" time="5.031"/>
  <testcase name="testKeyPressRight" classname="invadem.AppTest" time="5.491"/>
  <testcase name="testKeyPressShoot" classname="invadem.AppTest" time="6.765"/>
  <testcase name="testBadKeyPress" classname="invadem.AppTest" time="6.182"/>
  <system-out><![CDATA[]]></system-out>
  <system-err><![CDATA[java.lang.NullPointerException
	at processing.awt.PGraphicsJava2D.imageImpl(PGraphicsJava2D.java:1574)
	at processing.core.PGraphics.image(PGraphics.java:3773)
	at processing.core.PApplet.image(PApplet.java:12611)
	at invadem.Tank.drawLasersLeft(Tank.java:84)
	at invadem.App.draw(App.java:144)
	at processing.core.PApplet.handleDraw(PApplet.java:2426)
	at processing.awt.PSurfaceAWT$12.callDraw(PSurfaceAWT.java:1557)
	at processing.core.PSurfaceNone$AnimationThread.run(PSurfaceNone.java:316)
java.lang.NullPointerException
	at processing.core.PGraphics.image(PGraphics.java:3770)
	at processing.core.PApplet.image(PApplet.java:12611)
	at invadem.Tank.drawLives(Tank.java:73)
	at invadem.App.draw(App.java:143)
	at processing.core.PApplet.handleDraw(PApplet.java:2426)
	at processing.awt.PSurfaceAWT$12.callDraw(PSurfaceAWT.java:1557)
	at processing.core.PSurfaceNone$AnimationThread.run(PSurfaceNone.java:316)
]]></system-err>
</testsuite>
