<?xml version="1.0" encoding="UTF-8"?>
<testsuite name="invadem.BComponentTest" tests="7" skipped="0" failures="0" errors="0" timestamp="2019-11-10T04:49:02" hostname="Kroft2.local" time="0.002">
  <properties/>
  <testcase name="testPowerBulletDestroy" classname="invadem.BComponentTest" time="0.001"/>
  <testcase name="testBComponentConstruction" classname="invadem.BComponentTest" time="0.0"/>
  <testcase name="testLaserDestroy" classname="invadem.BComponentTest" time="0.0"/>
  <testcase name="testFullyDestroyed" classname="invadem.BComponentTest" time="0.0"/>
  <testcase name="testDestroy" classname="invadem.BComponentTest" time="0.0"/>
  <testcase name="testMultipleHits" classname="invadem.BComponentTest" time="0.0"/>
  <testcase name="testGetImg" classname="invadem.BComponentTest" time="0.0"/>
  <system-out><![CDATA[]]></system-out>
  <system-err><![CDATA[]]></system-err>
</testsuite>
